"2018-06-01 17:52:38 [restartedMain] INFO  com.prem.priceparser.Application - Starting Application on WSUA-01537 with PID 8696 (C:\Projects\price-parser\target\classes started by dmme0717 in C:\Projects\price-parser)
""2018-06-01 17:52:38 [restartedMain] DEBUG com.prem.priceparser.Application - Running with Spring Boot v2.0.1.RELEASE, Spring v5.0.5.RELEASE
""2018-06-01 17:52:38 [restartedMain] INFO  com.prem.priceparser.Application - The following profiles are active: prod
""2018-06-01 17:52:39 [restartedMain] INFO  o.s.b.w.s.c.AnnotationConfigServletWebServerApplicationContext - Refreshing org.springframework.boot.web.servlet.context.AnnotationConfigServletWebServerApplicationContext@45434ce7: startup date [Fri Jun 01 17:52:39 EEST 2018]; root of context hierarchy
""2018-06-01 17:52:41 [restartedMain] INFO  o.s.b.f.s.DefaultListableBeanFactory - Overriding bean definition for bean 'dataSource' with a different definition: replacing [Root bean: class [null]; scope=; abstract=false; lazyInit=false; autowireMode=3; dependencyCheck=0; autowireCandidate=true; primary=false; factoryBeanName=org.springframework.boot.autoconfigure.jdbc.DataSourceConfiguration$Generic; factoryMethodName=dataSource; initMethodName=null; destroyMethodName=(inferred); defined in class path resource [org/springframework/boot/autoconfigure/jdbc/DataSourceConfiguration$Generic.class]] with [Root bean: class [null]; scope=; abstract=false; lazyInit=false; autowireMode=3; dependencyCheck=0; autowireCandidate=true; primary=false; factoryBeanName=org.springframework.boot.autoconfigure.jdbc.DataSourceConfiguration$Hikari; factoryMethodName=dataSource; initMethodName=null; destroyMethodName=(inferred); defined in class path resource [org/springframework/boot/autoconfigure/jdbc/DataSourceConfiguration$Hikari.class]]
""2018-06-01 17:52:42 [restartedMain] INFO  o.s.c.s.PostProcessorRegistrationDelegate$BeanPostProcessorChecker - Bean 'org.springframework.amqp.rabbit.annotation.RabbitBootstrapConfiguration' of type [org.springframework.amqp.rabbit.annotation.RabbitBootstrapConfiguration$$EnhancerBySpringCGLIB$$49198e51] is not eligible for getting processed by all BeanPostProcessors (for example: not eligible for auto-proxying)
""2018-06-01 17:52:42 [restartedMain] INFO  o.s.c.s.PostProcessorRegistrationDelegate$BeanPostProcessorChecker - Bean 'org.springframework.transaction.annotation.ProxyTransactionManagementConfiguration' of type [org.springframework.transaction.annotation.ProxyTransactionManagementConfiguration$$EnhancerBySpringCGLIB$$82add023] is not eligible for getting processed by all BeanPostProcessors (for example: not eligible for auto-proxying)
""2018-06-01 17:52:43 [restartedMain] INFO  o.s.b.w.e.tomcat.TomcatWebServer - Tomcat initialized with port(s): 8080 (http)
""2018-06-01 17:52:43 [restartedMain] INFO  o.a.catalina.core.StandardService - Starting service [Tomcat]
""2018-06-01 17:52:43 [restartedMain] INFO  o.a.catalina.core.StandardEngine - Starting Servlet Engine: Apache Tomcat/8.5.29
""2018-06-01 17:52:43 [localhost-startStop-1] INFO  o.a.c.core.AprLifecycleListener - The APR based Apache Tomcat Native library which allows optimal performance in production environments was not found on the java.library.path: [C:\Program Files\Java\jdk1.8.0_131\bin;C:\windows\Sun\Java\bin;C:\windows\system32;C:\windows;C:\Program Files (x86)\Common Files\Oracle\Java\javapath;C:\ProgramData\Oracle\Java\javapath;C:\oracle\product\11.2.0\client_1\bin;C:\windows\system32;C:\windows;C:\windows\System32\Wbem;C:\windows\System32\WindowsPowerShell\v1.0\;C:\Program Files\PuTTY\;C:\Program Files (x86)\Skype\Phone\;C:\Program Files\TortoiseSVN\bin;C:\Program Files\Git\cmd;C:\Program Files\MongoDB\Server\3.4\bin;C:\Program Files (x86)\Sennheiser\SoftphoneSDK\;C:\Users\dmme0717\AppData\Local\Microsoft\WindowsApps;;C:\Program Files (x86)\Fiddler;.]
""2018-06-01 17:52:43 [localhost-startStop-1] INFO  o.a.c.c.C.[Tomcat].[localhost].[/] - Initializing Spring embedded WebApplicationContext
""2018-06-01 17:52:43 [localhost-startStop-1] INFO  o.s.web.context.ContextLoader - Root WebApplicationContext: initialization completed in 4115 ms
""2018-06-01 17:52:44 [localhost-startStop-1] INFO  o.s.b.w.s.FilterRegistrationBean - Mapping filter: 'characterEncodingFilter' to: [/*]
""2018-06-01 17:52:44 [localhost-startStop-1] INFO  o.s.b.w.s.FilterRegistrationBean - Mapping filter: 'hiddenHttpMethodFilter' to: [/*]
""2018-06-01 17:52:44 [localhost-startStop-1] INFO  o.s.b.w.s.FilterRegistrationBean - Mapping filter: 'httpPutFormContentFilter' to: [/*]
""2018-06-01 17:52:44 [localhost-startStop-1] INFO  o.s.b.w.s.FilterRegistrationBean - Mapping filter: 'requestContextFilter' to: [/*]
""2018-06-01 17:52:44 [localhost-startStop-1] INFO  o.s.b.w.s.DelegatingFilterProxyRegistrationBean - Mapping filter: 'springSecurityFilterChain' to: [/*]
""2018-06-01 17:52:44 [localhost-startStop-1] INFO  o.s.b.w.s.FilterRegistrationBean - Mapping filter: 'httpTraceFilter' to: [/*]
""2018-06-01 17:52:44 [localhost-startStop-1] INFO  o.s.b.w.s.FilterRegistrationBean - Mapping filter: 'webMvcMetricsFilter' to: [/*]
""2018-06-01 17:52:44 [localhost-startStop-1] INFO  o.s.b.w.s.ServletRegistrationBean - Servlet dispatcherServlet mapped to [/]
""2018-06-01 17:52:44 [restartedMain] INFO  o.s.o.j.LocalContainerEntityManagerFactoryBean - Building JPA container EntityManagerFactory for persistence unit 'default'
""2018-06-01 17:52:44 [restartedMain] INFO  o.h.jpa.internal.util.LogHelper - HHH000204: Processing PersistenceUnitInfo [
	name: default
	...]
""2018-06-01 17:52:44 [restartedMain] INFO  org.hibernate.Version - HHH000412: Hibernate Core {5.2.16.Final}
""2018-06-01 17:52:44 [restartedMain] INFO  org.hibernate.cfg.Environment - HHH000206: hibernate.properties not found
""2018-06-01 17:52:45 [restartedMain] INFO  o.h.annotations.common.Version - HCANN000001: Hibernate Commons Annotations {5.0.1.Final}
""2018-06-01 17:52:45 [restartedMain] INFO  org.hibernate.dialect.Dialect - HHH000400: Using dialect: org.hibernate.dialect.PostgreSQL9Dialect
""2018-06-01 17:52:45 [restartedMain] INFO  o.h.e.j.e.i.LobCreatorBuilderImpl - HHH000422: Disabling contextual LOB creation as connection was null
""2018-06-01 17:52:45 [restartedMain] INFO  org.hibernate.type.BasicTypeRegistry - HHH000270: Type registration [java.util.UUID] overrides previous : org.hibernate.type.UUIDBinaryType@4d7b1943
""2018-06-01 17:52:46 [restartedMain] INFO  com.zaxxer.hikari.HikariDataSource - HikariPool-1 - Starting...
""2018-06-01 17:52:46 [restartedMain] INFO  com.zaxxer.hikari.HikariDataSource - HikariPool-1 - Start completed.
""2018-06-01 17:52:46 [restartedMain] INFO  o.s.o.j.LocalContainerEntityManagerFactoryBean - Initialized JPA EntityManagerFactory for persistence unit 'default'
""2018-06-01 17:52:46 [restartedMain] INFO  o.s.jdbc.datasource.init.ScriptUtils - Executing SQL script from URL [file:/C:/Projects/price-parser/target/classes/data-postgresql.sql]
""2018-06-01 17:52:46 [restartedMain] INFO  o.s.jdbc.datasource.init.ScriptUtils - Executed SQL script from URL [file:/C:/Projects/price-parser/target/classes/data-postgresql.sql] in 15 ms.
""2018-06-01 17:52:47 [restartedMain] INFO  o.s.w.s.h.SimpleUrlHandlerMapping - Mapped URL path [/**/favicon.ico] onto handler of type [class org.springframework.web.servlet.resource.ResourceHttpRequestHandler]
""2018-06-01 17:52:47 [restartedMain] INFO  o.s.w.s.m.m.a.RequestMappingHandlerAdapter - Looking for @ControllerAdvice: org.springframework.boot.web.servlet.context.AnnotationConfigServletWebServerApplicationContext@45434ce7: startup date [Fri Jun 01 17:52:39 EEST 2018]; root of context hierarchy
""2018-06-01 17:52:48 [restartedMain] INFO  o.s.w.s.m.m.a.RequestMappingHandlerMapping - Mapped "{[/login],methods=[GET]}" onto public org.springframework.web.servlet.ModelAndView com.prem.priceparser.controllers.LoginController.loginController(java.lang.String,java.lang.String,org.springframework.web.servlet.ModelAndView)
""2018-06-01 17:52:48 [restartedMain] INFO  o.s.w.s.m.m.a.RequestMappingHandlerMapping - Mapped "{[/product],methods=[GET]}" onto public org.springframework.http.ResponseEntity<?> com.prem.priceparser.controllers.rest.ProductController.getAllProductsOfUser(org.springframework.security.core.Authentication)
""2018-06-01 17:52:48 [restartedMain] INFO  o.s.w.s.m.m.a.RequestMappingHandlerMapping - Mapped "{[/product/all],methods=[GET]}" onto public org.springframework.http.ResponseEntity<?> com.prem.priceparser.controllers.rest.ProductController.getAllProducts(org.springframework.security.core.Authentication)
""2018-06-01 17:52:48 [restartedMain] INFO  o.s.w.s.m.m.a.RequestMappingHandlerMapping - Mapped "{[/product],methods=[DELETE]}" onto public org.springframework.http.ResponseEntity<?> com.prem.priceparser.controllers.rest.ProductController.deleteProduct(java.lang.Long,org.springframework.security.core.Authentication)
""2018-06-01 17:52:48 [restartedMain] INFO  o.s.w.s.m.m.a.RequestMappingHandlerMapping - Mapped "{[/product/{id}],methods=[GET]}" onto public org.springframework.http.ResponseEntity<com.prem.priceparser.domain.entity.Product> com.prem.priceparser.controllers.rest.ProductController.getProductById(java.lang.Long)
""2018-06-01 17:52:48 [restartedMain] INFO  o.s.w.s.m.m.a.RequestMappingHandlerMapping - Mapped "{[/product],methods=[PUT]}" onto public org.springframework.http.ResponseEntity<com.prem.priceparser.domain.entity.Product> com.prem.priceparser.controllers.rest.ProductController.createProduct(java.lang.String,java.lang.Double,org.springframework.security.core.Authentication)
""2018-06-01 17:52:48 [restartedMain] INFO  o.s.w.s.m.m.a.RequestMappingHandlerMapping - Mapped "{[/product],methods=[POST]}" onto public org.springframework.http.ResponseEntity<com.prem.priceparser.domain.dto.ProductDto> com.prem.priceparser.controllers.rest.ProductController.updateProduct(com.prem.priceparser.domain.dto.ProductDto,org.springframework.security.core.Authentication)
""2018-06-01 17:52:48 [restartedMain] INFO  o.s.w.s.m.m.a.RequestMappingHandlerMapping - Mapped "{[/error]}" onto public org.springframework.http.ResponseEntity<java.util.Map<java.lang.String, java.lang.Object>> org.springframework.boot.autoconfigure.web.servlet.error.BasicErrorController.error(javax.servlet.http.HttpServletRequest)
""2018-06-01 17:52:48 [restartedMain] INFO  o.s.w.s.m.m.a.RequestMappingHandlerMapping - Mapped "{[/error],produces=[text/html]}" onto public org.springframework.web.servlet.ModelAndView org.springframework.boot.autoconfigure.web.servlet.error.BasicErrorController.errorHtml(javax.servlet.http.HttpServletRequest,javax.servlet.http.HttpServletResponse)
""2018-06-01 17:52:48 [restartedMain] INFO  o.s.w.s.h.SimpleUrlHandlerMapping - Mapped URL path [/main] onto handler of type [class org.springframework.web.servlet.mvc.ParameterizableViewController]
""2018-06-01 17:52:48 [restartedMain] INFO  o.s.w.s.h.SimpleUrlHandlerMapping - Root mapping to handler of type [class org.springframework.web.servlet.mvc.ParameterizableViewController]
""2018-06-01 17:52:48 [restartedMain] INFO  o.s.w.s.h.SimpleUrlHandlerMapping - Mapped URL path [/login] onto handler of type [class org.springframework.web.servlet.mvc.ParameterizableViewController]
""2018-06-01 17:52:48 [restartedMain] INFO  o.s.w.s.h.SimpleUrlHandlerMapping - Mapped URL path [/test] onto handler of type [class org.springframework.web.servlet.mvc.ParameterizableViewController]
""2018-06-01 17:52:48 [restartedMain] INFO  o.s.w.s.h.SimpleUrlHandlerMapping - Mapped URL path [/webjars/**] onto handler of type [class org.springframework.web.servlet.resource.ResourceHttpRequestHandler]
""2018-06-01 17:52:48 [restartedMain] INFO  o.s.w.s.h.SimpleUrlHandlerMapping - Mapped URL path [/**] onto handler of type [class org.springframework.web.servlet.resource.ResourceHttpRequestHandler]
""2018-06-01 17:52:48 [restartedMain] INFO  o.s.w.s.m.m.a.ExceptionHandlerExceptionResolver - Detected @ExceptionHandler methods in mainExceptionHandler
""2018-06-01 17:52:48 [restartedMain] INFO  o.s.w.s.v.f.FreeMarkerConfigurer - ClassTemplateLoader for Spring macros added to FreeMarker configuration
""2018-06-01 17:52:49 [restartedMain] INFO  o.s.s.web.DefaultSecurityFilterChain - Creating filter chain: org.springframework.security.web.util.matcher.AnyRequestMatcher@1, [org.springframework.security.web.context.request.async.WebAsyncManagerIntegrationFilter@4f704ce0, org.springframework.security.web.context.SecurityContextPersistenceFilter@15339e6c, org.springframework.security.web.header.HeaderWriterFilter@19983cb3, org.springframework.security.web.authentication.logout.LogoutFilter@588c145f, org.springframework.security.web.authentication.UsernamePasswordAuthenticationFilter@21675432, org.springframework.security.web.savedrequest.RequestCacheAwareFilter@50e6d1a6, org.springframework.security.web.servletapi.SecurityContextHolderAwareRequestFilter@793b84bc, org.springframework.security.web.authentication.AnonymousAuthenticationFilter@5e0fa963, org.springframework.security.web.session.SessionManagementFilter@677f3d41, org.springframework.security.web.access.ExceptionTranslationFilter@1f3a192a, org.springframework.security.web.access.intercept.FilterSecurityInterceptor@6a6f8f5c]
""2018-06-01 17:52:49 [restartedMain] INFO  o.s.b.d.a.OptionalLiveReloadServer - LiveReload server is running on port 35729
""2018-06-01 17:52:49 [restartedMain] INFO  o.s.b.a.e.web.EndpointLinksResolver - Exposing 2 endpoint(s) beneath base path '/actuator'
""2018-06-01 17:52:49 [restartedMain] INFO  o.s.b.a.e.w.s.WebMvcEndpointHandlerMapping - Mapped "{[/actuator/health],methods=[GET],produces=[application/vnd.spring-boot.actuator.v2+json || application/json]}" onto public java.lang.Object org.springframework.boot.actuate.endpoint.web.servlet.AbstractWebMvcEndpointHandlerMapping$OperationHandler.handle(javax.servlet.http.HttpServletRequest,java.util.Map<java.lang.String, java.lang.String>)
""2018-06-01 17:52:49 [restartedMain] INFO  o.s.b.a.e.w.s.WebMvcEndpointHandlerMapping - Mapped "{[/actuator/info],methods=[GET],produces=[application/vnd.spring-boot.actuator.v2+json || application/json]}" onto public java.lang.Object org.springframework.boot.actuate.endpoint.web.servlet.AbstractWebMvcEndpointHandlerMapping$OperationHandler.handle(javax.servlet.http.HttpServletRequest,java.util.Map<java.lang.String, java.lang.String>)
""2018-06-01 17:52:49 [restartedMain] INFO  o.s.b.a.e.w.s.WebMvcEndpointHandlerMapping - Mapped "{[/actuator],methods=[GET],produces=[application/vnd.spring-boot.actuator.v2+json || application/json]}" onto protected java.util.Map<java.lang.String, java.util.Map<java.lang.String, org.springframework.boot.actuate.endpoint.web.Link>> org.springframework.boot.actuate.endpoint.web.servlet.WebMvcEndpointHandlerMapping.links(javax.servlet.http.HttpServletRequest,javax.servlet.http.HttpServletResponse)
""2018-06-01 17:52:49 [restartedMain] INFO  o.s.j.e.a.AnnotationMBeanExporter - Registering beans for JMX exposure on startup
""2018-06-01 17:52:49 [restartedMain] INFO  o.s.j.e.a.AnnotationMBeanExporter - Bean with name 'dataSource' has been autodetected for JMX exposure
""2018-06-01 17:52:49 [restartedMain] INFO  o.s.j.e.a.AnnotationMBeanExporter - Bean with name 'rabbitConnectionFactory' has been autodetected for JMX exposure
""2018-06-01 17:52:49 [restartedMain] INFO  o.s.j.e.a.AnnotationMBeanExporter - Located MBean 'dataSource': registering with JMX server as MBean [com.zaxxer.hikari:name=dataSource,type=HikariDataSource]
""2018-06-01 17:52:49 [restartedMain] INFO  o.s.j.e.a.AnnotationMBeanExporter - Located managed bean 'rabbitConnectionFactory': registering with JMX server as MBean [org.springframework.amqp.rabbit.connection:name=rabbitConnectionFactory,type=CachingConnectionFactory]
""2018-06-01 17:52:49 [restartedMain] INFO  o.s.c.s.DefaultLifecycleProcessor - Starting beans in phase 2147483647
""2018-06-01 17:52:49 [SimpleAsyncTaskExecutor-1] INFO  o.s.a.r.c.CachingConnectionFactory - Attempting to connect to: [127.0.0.1:5672]
""2018-06-01 17:52:49 [SimpleAsyncTaskExecutor-1] INFO  o.s.a.r.c.CachingConnectionFactory - Created new connection: rabbitConnectionFactory#72d6d49:0/SimpleConnection@31822943 [delegate=amqp://admin@127.0.0.1:5672/, localPort= 64802]
""2018-06-01 17:52:50 [restartedMain] DEBUG c.p.p.l.ContextRefreshListener - Checking if user with username <admin>  exists
""2018-06-01 17:52:50 [restartedMain] INFO  o.h.h.i.QueryTranslatorFactoryInitiator - HHH000397: Using ASTQueryTranslatorFactory
""2018-06-01 17:52:50 [restartedMain] DEBUG c.p.p.l.ContextRefreshListener - User with username <admin> exists!
""2018-06-01 17:52:50 [restartedMain] INFO  o.s.b.w.e.tomcat.TomcatWebServer - Tomcat started on port(s): 8080 (http) with context path ''
""2018-06-01 17:52:50 [restartedMain] INFO  com.prem.priceparser.Application - Started Application in 12.686 seconds (JVM running for 14.513)
""2018-06-01 17:52:51 [RMI TCP Connection(6)-127.0.0.1] INFO  o.a.c.c.C.[Tomcat].[localhost].[/] - Initializing Spring FrameworkServlet 'dispatcherServlet'
""2018-06-01 17:52:51 [RMI TCP Connection(6)-127.0.0.1] INFO  o.s.web.servlet.DispatcherServlet - FrameworkServlet 'dispatcherServlet': initialization started
""2018-06-01 17:52:51 [RMI TCP Connection(6)-127.0.0.1] INFO  o.s.web.servlet.DispatcherServlet - FrameworkServlet 'dispatcherServlet': initialization completed in 36 ms
""2018-06-01 17:56:17 [Thread-32] INFO  o.s.b.w.s.c.AnnotationConfigServletWebServerApplicationContext - Closing org.springframework.boot.web.servlet.context.AnnotationConfigServletWebServerApplicationContext@45434ce7: startup date [Fri Jun 01 17:52:39 EEST 2018]; root of context hierarchy
""2018-06-01 17:56:17 [Thread-32] INFO  o.s.c.s.DefaultLifecycleProcessor - Stopping beans in phase 2147483647
""2018-06-01 17:56:17 [Thread-32] INFO  o.s.a.r.l.SimpleMessageListenerContainer - Waiting for workers to finish.
""2018-06-01 17:56:18 [Thread-32] INFO  o.s.a.r.l.SimpleMessageListenerContainer - Successfully waited for workers to finish.
""2018-06-01 17:56:18 [Thread-32] INFO  o.s.c.s.DefaultLifecycleProcessor - Stopping beans in phase 0
""2018-06-01 17:56:18 [Thread-32] INFO  o.s.j.e.a.AnnotationMBeanExporter - Unregistering JMX-exposed beans on shutdown
""2018-06-01 17:56:18 [Thread-32] INFO  o.s.j.e.a.AnnotationMBeanExporter - Unregistering JMX-exposed beans
""2018-06-01 17:56:18 [Thread-32] INFO  o.s.a.r.l.SimpleMessageListenerContainer - Shutdown ignored - container is not active already
""2018-06-01 17:56:18 [Thread-32] INFO  o.s.o.j.LocalContainerEntityManagerFactoryBean - Closing JPA EntityManagerFactory for persistence unit 'default'
""2018-06-01 17:56:18 [Thread-32] INFO  com.zaxxer.hikari.HikariDataSource - HikariPool-1 - Shutdown initiated...
""2018-06-01 17:56:18 [Thread-32] INFO  com.zaxxer.hikari.HikariDataSource - HikariPool-1 - Shutdown completed.
""2018-06-01 17:56:21 [restartedMain] INFO  com.prem.priceparser.Application - Starting Application on WSUA-01537 with PID 8696 (C:\Projects\price-parser\target\classes started by dmme0717 in C:\Projects\price-parser)
""2018-06-01 17:56:21 [restartedMain] DEBUG com.prem.priceparser.Application - Running with Spring Boot v2.0.1.RELEASE, Spring v5.0.5.RELEASE
""2018-06-01 17:56:21 [restartedMain] INFO  com.prem.priceparser.Application - The following profiles are active: prod
""2018-06-01 17:56:21 [restartedMain] INFO  o.s.b.w.s.c.AnnotationConfigServletWebServerApplicationContext - Refreshing org.springframework.boot.web.servlet.context.AnnotationConfigServletWebServerApplicationContext@4780fe1d: startup date [Fri Jun 01 17:56:21 EEST 2018]; root of context hierarchy
""2018-06-01 17:56:23 [restartedMain] INFO  o.s.b.f.s.DefaultListableBeanFactory - Overriding bean definition for bean 'dataSource' with a different definition: replacing [Root bean: class [null]; scope=; abstract=false; lazyInit=false; autowireMode=3; dependencyCheck=0; autowireCandidate=true; primary=false; factoryBeanName=org.springframework.boot.autoconfigure.jdbc.DataSourceConfiguration$Generic; factoryMethodName=dataSource; initMethodName=null; destroyMethodName=(inferred); defined in class path resource [org/springframework/boot/autoconfigure/jdbc/DataSourceConfiguration$Generic.class]] with [Root bean: class [null]; scope=; abstract=false; lazyInit=false; autowireMode=3; dependencyCheck=0; autowireCandidate=true; primary=false; factoryBeanName=org.springframework.boot.autoconfigure.jdbc.DataSourceConfiguration$Hikari; factoryMethodName=dataSource; initMethodName=null; destroyMethodName=(inferred); defined in class path resource [org/springframework/boot/autoconfigure/jdbc/DataSourceConfiguration$Hikari.class]]
""2018-06-01 17:56:23 [restartedMain] INFO  o.s.c.s.PostProcessorRegistrationDelegate$BeanPostProcessorChecker - Bean 'org.springframework.amqp.rabbit.annotation.RabbitBootstrapConfiguration' of type [org.springframework.amqp.rabbit.annotation.RabbitBootstrapConfiguration$$EnhancerBySpringCGLIB$$49198e51] is not eligible for getting processed by all BeanPostProcessors (for example: not eligible for auto-proxying)
""2018-06-01 17:56:23 [restartedMain] INFO  o.s.c.s.PostProcessorRegistrationDelegate$BeanPostProcessorChecker - Bean 'org.springframework.transaction.annotation.ProxyTransactionManagementConfiguration' of type [org.springframework.transaction.annotation.ProxyTransactionManagementConfiguration$$EnhancerBySpringCGLIB$$82add023] is not eligible for getting processed by all BeanPostProcessors (for example: not eligible for auto-proxying)
""2018-06-01 17:56:24 [restartedMain] INFO  o.s.b.w.e.tomcat.TomcatWebServer - Tomcat initialized with port(s): 8080 (http)
""2018-06-01 17:56:24 [restartedMain] INFO  o.a.catalina.core.StandardService - Starting service [Tomcat]
""2018-06-01 17:56:24 [restartedMain] INFO  o.a.catalina.core.StandardEngine - Starting Servlet Engine: Apache Tomcat/8.5.29
""2018-06-01 17:56:24 [localhost-startStop-1] INFO  o.a.c.c.C.[Tomcat].[localhost].[/] - Initializing Spring embedded WebApplicationContext
""2018-06-01 17:56:24 [localhost-startStop-1] INFO  o.s.web.context.ContextLoader - Root WebApplicationContext: initialization completed in 3243 ms
""2018-06-01 17:56:25 [localhost-startStop-1] INFO  o.s.b.w.s.FilterRegistrationBean - Mapping filter: 'characterEncodingFilter' to: [/*]
""2018-06-01 17:56:25 [localhost-startStop-1] INFO  o.s.b.w.s.FilterRegistrationBean - Mapping filter: 'hiddenHttpMethodFilter' to: [/*]
""2018-06-01 17:56:25 [localhost-startStop-1] INFO  o.s.b.w.s.FilterRegistrationBean - Mapping filter: 'httpPutFormContentFilter' to: [/*]
""2018-06-01 17:56:25 [localhost-startStop-1] INFO  o.s.b.w.s.FilterRegistrationBean - Mapping filter: 'requestContextFilter' to: [/*]
""2018-06-01 17:56:25 [localhost-startStop-1] INFO  o.s.b.w.s.DelegatingFilterProxyRegistrationBean - Mapping filter: 'springSecurityFilterChain' to: [/*]
""2018-06-01 17:56:25 [localhost-startStop-1] INFO  o.s.b.w.s.FilterRegistrationBean - Mapping filter: 'httpTraceFilter' to: [/*]
""2018-06-01 17:56:25 [localhost-startStop-1] INFO  o.s.b.w.s.FilterRegistrationBean - Mapping filter: 'webMvcMetricsFilter' to: [/*]
""2018-06-01 17:56:25 [localhost-startStop-1] INFO  o.s.b.w.s.ServletRegistrationBean - Servlet dispatcherServlet mapped to [/]
""2018-06-01 17:56:25 [restartedMain] INFO  o.s.o.j.LocalContainerEntityManagerFactoryBean - Building JPA container EntityManagerFactory for persistence unit 'default'
""2018-06-01 17:56:25 [restartedMain] INFO  o.h.jpa.internal.util.LogHelper - HHH000204: Processing PersistenceUnitInfo [
	name: default
	...]
""2018-06-01 17:56:25 [restartedMain] INFO  org.hibernate.dialect.Dialect - HHH000400: Using dialect: org.hibernate.dialect.PostgreSQL9Dialect
""2018-06-01 17:56:25 [restartedMain] INFO  o.h.e.j.e.i.LobCreatorBuilderImpl - HHH000422: Disabling contextual LOB creation as connection was null
""2018-06-01 17:56:25 [restartedMain] INFO  org.hibernate.type.BasicTypeRegistry - HHH000270: Type registration [java.util.UUID] overrides previous : org.hibernate.type.UUIDBinaryType@4d7b1943
""2018-06-01 17:56:25 [restartedMain] INFO  com.zaxxer.hikari.HikariDataSource - HikariPool-2 - Starting...
""2018-06-01 17:56:26 [restartedMain] INFO  com.zaxxer.hikari.HikariDataSource - HikariPool-2 - Start completed.
""2018-06-01 17:56:26 [restartedMain] INFO  o.s.o.j.LocalContainerEntityManagerFactoryBean - Initialized JPA EntityManagerFactory for persistence unit 'default'
""2018-06-01 17:56:26 [restartedMain] INFO  o.s.jdbc.datasource.init.ScriptUtils - Executing SQL script from URL [file:/C:/Projects/price-parser/target/classes/data-postgresql.sql]
""2018-06-01 17:56:26 [restartedMain] INFO  o.s.jdbc.datasource.init.ScriptUtils - Executed SQL script from URL [file:/C:/Projects/price-parser/target/classes/data-postgresql.sql] in 7 ms.
""2018-06-01 17:56:26 [main] INFO  c.p.priceparser.RabbitMqSenderTests - Starting RabbitMqSenderTests on WSUA-01537 with PID 17380 (started by dmme0717 in C:\Projects\price-parser)
""2018-06-01 17:56:26 [main] DEBUG c.p.priceparser.RabbitMqSenderTests - Running with Spring Boot v2.0.1.RELEASE, Spring v5.0.5.RELEASE
""2018-06-01 17:56:26 [main] INFO  c.p.priceparser.RabbitMqSenderTests - The following profiles are active: prod
""2018-06-01 17:56:26 [main] INFO  o.s.w.c.s.GenericWebApplicationContext - Refreshing org.springframework.web.context.support.GenericWebApplicationContext@1984b1f: startup date [Fri Jun 01 17:56:26 EEST 2018]; root of context hierarchy
""2018-06-01 17:56:27 [restartedMain] INFO  o.s.w.s.h.SimpleUrlHandlerMapping - Mapped URL path [/**/favicon.ico] onto handler of type [class org.springframework.web.servlet.resource.ResourceHttpRequestHandler]
""2018-06-01 17:56:27 [restartedMain] INFO  o.s.w.s.m.m.a.RequestMappingHandlerAdapter - Looking for @ControllerAdvice: org.springframework.boot.web.servlet.context.AnnotationConfigServletWebServerApplicationContext@4780fe1d: startup date [Fri Jun 01 17:56:21 EEST 2018]; root of context hierarchy
""2018-06-01 17:56:27 [restartedMain] INFO  o.s.w.s.m.m.a.RequestMappingHandlerMapping - Mapped "{[/login],methods=[GET]}" onto public org.springframework.web.servlet.ModelAndView com.prem.priceparser.controllers.LoginController.loginController(java.lang.String,java.lang.String,org.springframework.web.servlet.ModelAndView)
""2018-06-01 17:56:27 [restartedMain] INFO  o.s.w.s.m.m.a.RequestMappingHandlerMapping - Mapped "{[/product],methods=[GET]}" onto public org.springframework.http.ResponseEntity<?> com.prem.priceparser.controllers.rest.ProductController.getAllProductsOfUser(org.springframework.security.core.Authentication)
""2018-06-01 17:56:27 [restartedMain] INFO  o.s.w.s.m.m.a.RequestMappingHandlerMapping - Mapped "{[/product/all],methods=[GET]}" onto public org.springframework.http.ResponseEntity<?> com.prem.priceparser.controllers.rest.ProductController.getAllProducts(org.springframework.security.core.Authentication)
""2018-06-01 17:56:27 [restartedMain] INFO  o.s.w.s.m.m.a.RequestMappingHandlerMapping - Mapped "{[/product],methods=[DELETE]}" onto public org.springframework.http.ResponseEntity<?> com.prem.priceparser.controllers.rest.ProductController.deleteProduct(java.lang.Long,org.springframework.security.core.Authentication)
""2018-06-01 17:56:27 [restartedMain] INFO  o.s.w.s.m.m.a.RequestMappingHandlerMapping - Mapped "{[/product/{id}],methods=[GET]}" onto public org.springframework.http.ResponseEntity<com.prem.priceparser.domain.entity.Product> com.prem.priceparser.controllers.rest.ProductController.getProductById(java.lang.Long)
""2018-06-01 17:56:27 [restartedMain] INFO  o.s.w.s.m.m.a.RequestMappingHandlerMapping - Mapped "{[/product],methods=[PUT]}" onto public org.springframework.http.ResponseEntity<com.prem.priceparser.domain.entity.Product> com.prem.priceparser.controllers.rest.ProductController.createProduct(java.lang.String,java.lang.Double,org.springframework.security.core.Authentication)
""2018-06-01 17:56:27 [restartedMain] INFO  o.s.w.s.m.m.a.RequestMappingHandlerMapping - Mapped "{[/product],methods=[POST]}" onto public org.springframework.http.ResponseEntity<com.prem.priceparser.domain.dto.ProductDto> com.prem.priceparser.controllers.rest.ProductController.updateProduct(com.prem.priceparser.domain.dto.ProductDto,org.springframework.security.core.Authentication)
""2018-06-01 17:56:27 [restartedMain] INFO  o.s.w.s.m.m.a.RequestMappingHandlerMapping - Mapped "{[/error]}" onto public org.springframework.http.ResponseEntity<java.util.Map<java.lang.String, java.lang.Object>> org.springframework.boot.autoconfigure.web.servlet.error.BasicErrorController.error(javax.servlet.http.HttpServletRequest)
""2018-06-01 17:56:27 [restartedMain] INFO  o.s.w.s.m.m.a.RequestMappingHandlerMapping - Mapped "{[/error],produces=[text/html]}" onto public org.springframework.web.servlet.ModelAndView org.springframework.boot.autoconfigure.web.servlet.error.BasicErrorController.errorHtml(javax.servlet.http.HttpServletRequest,javax.servlet.http.HttpServletResponse)
""2018-06-01 17:56:27 [restartedMain] INFO  o.s.w.s.h.SimpleUrlHandlerMapping - Mapped URL path [/main] onto handler of type [class org.springframework.web.servlet.mvc.ParameterizableViewController]
""2018-06-01 17:56:27 [restartedMain] INFO  o.s.w.s.h.SimpleUrlHandlerMapping - Root mapping to handler of type [class org.springframework.web.servlet.mvc.ParameterizableViewController]
""2018-06-01 17:56:27 [restartedMain] INFO  o.s.w.s.h.SimpleUrlHandlerMapping - Mapped URL path [/login] onto handler of type [class org.springframework.web.servlet.mvc.ParameterizableViewController]
""2018-06-01 17:56:27 [restartedMain] INFO  o.s.w.s.h.SimpleUrlHandlerMapping - Mapped URL path [/test] onto handler of type [class org.springframework.web.servlet.mvc.ParameterizableViewController]
""2018-06-01 17:56:27 [restartedMain] INFO  o.s.w.s.h.SimpleUrlHandlerMapping - Mapped URL path [/webjars/**] onto handler of type [class org.springframework.web.servlet.resource.ResourceHttpRequestHandler]
""2018-06-01 17:56:27 [restartedMain] INFO  o.s.w.s.h.SimpleUrlHandlerMapping - Mapped URL path [/**] onto handler of type [class org.springframework.web.servlet.resource.ResourceHttpRequestHandler]
""2018-06-01 17:56:27 [restartedMain] INFO  o.s.w.s.m.m.a.ExceptionHandlerExceptionResolver - Detected @ExceptionHandler methods in mainExceptionHandler
""2018-06-01 17:56:28 [restartedMain] INFO  o.s.w.s.v.f.FreeMarkerConfigurer - ClassTemplateLoader for Spring macros added to FreeMarker configuration
""2018-06-01 17:56:28 [restartedMain] INFO  o.s.s.web.DefaultSecurityFilterChain - Creating filter chain: org.springframework.security.web.util.matcher.AnyRequestMatcher@1, [org.springframework.security.web.context.request.async.WebAsyncManagerIntegrationFilter@578b94e5, org.springframework.security.web.context.SecurityContextPersistenceFilter@a2a1b2d, org.springframework.security.web.header.HeaderWriterFilter@153915e9, org.springframework.security.web.authentication.logout.LogoutFilter@5e94f472, org.springframework.security.web.authentication.UsernamePasswordAuthenticationFilter@7d3f9817, org.springframework.security.web.savedrequest.RequestCacheAwareFilter@3903aed4, org.springframework.security.web.servletapi.SecurityContextHolderAwareRequestFilter@64487240, org.springframework.security.web.authentication.AnonymousAuthenticationFilter@12647fe8, org.springframework.security.web.session.SessionManagementFilter@18c45457, org.springframework.security.web.access.ExceptionTranslationFilter@466ebe92, org.springframework.security.web.access.intercept.FilterSecurityInterceptor@6f0821d4]
""2018-06-01 17:56:28 [restartedMain] INFO  o.s.b.d.a.OptionalLiveReloadServer - LiveReload server is running on port 35729
""2018-06-01 17:56:28 [restartedMain] INFO  o.s.b.a.e.web.EndpointLinksResolver - Exposing 2 endpoint(s) beneath base path '/actuator'
""2018-06-01 17:56:28 [restartedMain] INFO  o.s.b.a.e.w.s.WebMvcEndpointHandlerMapping - Mapped "{[/actuator/health],methods=[GET],produces=[application/vnd.spring-boot.actuator.v2+json || application/json]}" onto public java.lang.Object org.springframework.boot.actuate.endpoint.web.servlet.AbstractWebMvcEndpointHandlerMapping$OperationHandler.handle(javax.servlet.http.HttpServletRequest,java.util.Map<java.lang.String, java.lang.String>)
""2018-06-01 17:56:28 [restartedMain] INFO  o.s.b.a.e.w.s.WebMvcEndpointHandlerMapping - Mapped "{[/actuator/info],methods=[GET],produces=[application/vnd.spring-boot.actuator.v2+json || application/json]}" onto public java.lang.Object org.springframework.boot.actuate.endpoint.web.servlet.AbstractWebMvcEndpointHandlerMapping$OperationHandler.handle(javax.servlet.http.HttpServletRequest,java.util.Map<java.lang.String, java.lang.String>)
""2018-06-01 17:56:28 [restartedMain] INFO  o.s.b.a.e.w.s.WebMvcEndpointHandlerMapping - Mapped "{[/actuator],methods=[GET],produces=[application/vnd.spring-boot.actuator.v2+json || application/json]}" onto protected java.util.Map<java.lang.String, java.util.Map<java.lang.String, org.springframework.boot.actuate.endpoint.web.Link>> org.springframework.boot.actuate.endpoint.web.servlet.WebMvcEndpointHandlerMapping.links(javax.servlet.http.HttpServletRequest,javax.servlet.http.HttpServletResponse)
""2018-06-01 17:56:29 [restartedMain] INFO  o.s.j.e.a.AnnotationMBeanExporter - Registering beans for JMX exposure on startup
""2018-06-01 17:56:29 [restartedMain] INFO  o.s.j.e.a.AnnotationMBeanExporter - Bean with name 'dataSource' has been autodetected for JMX exposure
""2018-06-01 17:56:29 [restartedMain] INFO  o.s.j.e.a.AnnotationMBeanExporter - Bean with name 'rabbitConnectionFactory' has been autodetected for JMX exposure
""2018-06-01 17:56:29 [restartedMain] INFO  o.s.j.e.a.AnnotationMBeanExporter - Located MBean 'dataSource': registering with JMX server as MBean [com.zaxxer.hikari:name=dataSource,type=HikariDataSource]
""2018-06-01 17:56:29 [restartedMain] INFO  o.s.j.e.a.AnnotationMBeanExporter - Located managed bean 'rabbitConnectionFactory': registering with JMX server as MBean [org.springframework.amqp.rabbit.connection:name=rabbitConnectionFactory,type=CachingConnectionFactory]
""2018-06-01 17:56:29 [restartedMain] INFO  o.s.c.s.DefaultLifecycleProcessor - Starting beans in phase 2147483647
""2018-06-01 17:56:29 [SimpleAsyncTaskExecutor-1] INFO  o.s.a.r.c.CachingConnectionFactory - Attempting to connect to: [127.0.0.1:5672]
""2018-06-01 17:56:29 [SimpleAsyncTaskExecutor-1] INFO  o.s.a.r.c.CachingConnectionFactory - Created new connection: rabbitConnectionFactory#46829eb8:0/SimpleConnection@7b615cbb [delegate=amqp://admin@127.0.0.1:5672/, localPort= 64855]
""2018-06-01 17:56:29 [restartedMain] DEBUG c.p.p.l.ContextRefreshListener - Checking if user with username <admin>  exists
""2018-06-01 17:56:29 [restartedMain] INFO  o.h.h.i.QueryTranslatorFactoryInitiator - HHH000397: Using ASTQueryTranslatorFactory
""2018-06-01 17:56:29 [restartedMain] DEBUG c.p.p.l.ContextRefreshListener - User with username <admin> exists!
""2018-06-01 17:56:29 [restartedMain] INFO  o.s.b.w.e.tomcat.TomcatWebServer - Tomcat started on port(s): 8080 (http) with context path ''
""2018-06-01 17:56:29 [restartedMain] INFO  com.prem.priceparser.Application - Started Application in 8.21 seconds (JVM running for 233.646)
""2018-06-01 17:56:29 [restartedMain] INFO  o.s.b.d.a.ConditionEvaluationDeltaLoggingListener - Condition evaluation unchanged
""2018-06-01 17:56:29 [main] INFO  o.s.b.f.s.DefaultListableBeanFactory - Overriding bean definition for bean 'dataSource' with a different definition: replacing [Root bean: class [null]; scope=; abstract=false; lazyInit=false; autowireMode=3; dependencyCheck=0; autowireCandidate=true; primary=false; factoryBeanName=org.springframework.boot.autoconfigure.jdbc.DataSourceConfiguration$Generic; factoryMethodName=dataSource; initMethodName=null; destroyMethodName=(inferred); defined in class path resource [org/springframework/boot/autoconfigure/jdbc/DataSourceConfiguration$Generic.class]] with [Root bean: class [null]; scope=; abstract=false; lazyInit=false; autowireMode=3; dependencyCheck=0; autowireCandidate=true; primary=false; factoryBeanName=org.springframework.boot.autoconfigure.jdbc.DataSourceConfiguration$Hikari; factoryMethodName=dataSource; initMethodName=null; destroyMethodName=(inferred); defined in class path resource [org/springframework/boot/autoconfigure/jdbc/DataSourceConfiguration$Hikari.class]]
""2018-06-01 17:56:32 [main] INFO  o.s.o.j.LocalContainerEntityManagerFactoryBean - Building JPA container EntityManagerFactory for persistence unit 'default'
""2018-06-01 17:56:32 [main] INFO  o.h.jpa.internal.util.LogHelper - HHH000204: Processing PersistenceUnitInfo [
	name: default
	...]
""2018-06-01 17:56:32 [main] INFO  org.hibernate.Version - HHH000412: Hibernate Core {5.2.16.Final}
""2018-06-01 17:56:32 [main] INFO  org.hibernate.cfg.Environment - HHH000206: hibernate.properties not found
""2018-06-01 17:56:33 [main] INFO  o.h.annotations.common.Version - HCANN000001: Hibernate Commons Annotations {5.0.1.Final}
""2018-06-01 17:56:33 [main] INFO  org.hibernate.dialect.Dialect - HHH000400: Using dialect: org.hibernate.dialect.PostgreSQL9Dialect
""2018-06-01 17:56:33 [main] INFO  o.h.e.j.e.i.LobCreatorBuilderImpl - HHH000422: Disabling contextual LOB creation as connection was null
""2018-06-01 17:56:33 [main] INFO  org.hibernate.type.BasicTypeRegistry - HHH000270: Type registration [java.util.UUID] overrides previous : org.hibernate.type.UUIDBinaryType@4a8ffd75
""2018-06-01 17:56:34 [main] INFO  com.zaxxer.hikari.HikariDataSource - HikariPool-1 - Starting...
""2018-06-01 17:56:34 [main] INFO  com.zaxxer.hikari.HikariDataSource - HikariPool-1 - Start completed.
""2018-06-01 17:56:35 [main] INFO  o.s.o.j.LocalContainerEntityManagerFactoryBean - Initialized JPA EntityManagerFactory for persistence unit 'default'
""2018-06-01 17:56:36 [main] INFO  o.s.jdbc.datasource.init.ScriptUtils - Executing SQL script from URL [file:/C:/Projects/price-parser/target/classes/data-postgresql.sql]
""2018-06-01 17:56:36 [main] INFO  o.s.jdbc.datasource.init.ScriptUtils - Executed SQL script from URL [file:/C:/Projects/price-parser/target/classes/data-postgresql.sql] in 11 ms.
""2018-06-01 17:56:38 [main] INFO  o.s.w.s.h.SimpleUrlHandlerMapping - Mapped URL path [/**/favicon.ico] onto handler of type [class org.springframework.web.servlet.resource.ResourceHttpRequestHandler]
""2018-06-01 17:56:38 [main] INFO  o.s.w.s.m.m.a.RequestMappingHandlerAdapter - Looking for @ControllerAdvice: org.springframework.web.context.support.GenericWebApplicationContext@1984b1f: startup date [Fri Jun 01 17:56:26 EEST 2018]; root of context hierarchy
""2018-06-01 17:56:39 [main] INFO  o.s.w.s.m.m.a.RequestMappingHandlerMapping - Mapped "{[/login],methods=[GET]}" onto public org.springframework.web.servlet.ModelAndView com.prem.priceparser.controllers.LoginController.loginController(java.lang.String,java.lang.String,org.springframework.web.servlet.ModelAndView)
""2018-06-01 17:56:39 [main] INFO  o.s.w.s.m.m.a.RequestMappingHandlerMapping - Mapped "{[/product],methods=[GET]}" onto public org.springframework.http.ResponseEntity<?> com.prem.priceparser.controllers.rest.ProductController.getAllProductsOfUser(org.springframework.security.core.Authentication)
""2018-06-01 17:56:39 [main] INFO  o.s.w.s.m.m.a.RequestMappingHandlerMapping - Mapped "{[/product],methods=[PUT]}" onto public org.springframework.http.ResponseEntity<com.prem.priceparser.domain.entity.Product> com.prem.priceparser.controllers.rest.ProductController.createProduct(java.lang.String,java.lang.Double,org.springframework.security.core.Authentication)
""2018-06-01 17:56:39 [main] INFO  o.s.w.s.m.m.a.RequestMappingHandlerMapping - Mapped "{[/product],methods=[POST]}" onto public org.springframework.http.ResponseEntity<com.prem.priceparser.domain.dto.ProductDto> com.prem.priceparser.controllers.rest.ProductController.updateProduct(com.prem.priceparser.domain.dto.ProductDto,org.springframework.security.core.Authentication)
""2018-06-01 17:56:39 [main] INFO  o.s.w.s.m.m.a.RequestMappingHandlerMapping - Mapped "{[/product/all],methods=[GET]}" onto public org.springframework.http.ResponseEntity<?> com.prem.priceparser.controllers.rest.ProductController.getAllProducts(org.springframework.security.core.Authentication)
""2018-06-01 17:56:39 [main] INFO  o.s.w.s.m.m.a.RequestMappingHandlerMapping - Mapped "{[/product],methods=[DELETE]}" onto public org.springframework.http.ResponseEntity<?> com.prem.priceparser.controllers.rest.ProductController.deleteProduct(java.lang.Long,org.springframework.security.core.Authentication)
""2018-06-01 17:56:39 [main] INFO  o.s.w.s.m.m.a.RequestMappingHandlerMapping - Mapped "{[/product/{id}],methods=[GET]}" onto public org.springframework.http.ResponseEntity<com.prem.priceparser.domain.entity.Product> com.prem.priceparser.controllers.rest.ProductController.getProductById(java.lang.Long)
""2018-06-01 17:56:39 [main] INFO  o.s.w.s.m.m.a.RequestMappingHandlerMapping - Mapped "{[/error]}" onto public org.springframework.http.ResponseEntity<java.util.Map<java.lang.String, java.lang.Object>> org.springframework.boot.autoconfigure.web.servlet.error.BasicErrorController.error(javax.servlet.http.HttpServletRequest)
""2018-06-01 17:56:39 [main] INFO  o.s.w.s.m.m.a.RequestMappingHandlerMapping - Mapped "{[/error],produces=[text/html]}" onto public org.springframework.web.servlet.ModelAndView org.springframework.boot.autoconfigure.web.servlet.error.BasicErrorController.errorHtml(javax.servlet.http.HttpServletRequest,javax.servlet.http.HttpServletResponse)
""2018-06-01 17:56:39 [main] INFO  o.s.w.s.h.SimpleUrlHandlerMapping - Mapped URL path [/main] onto handler of type [class org.springframework.web.servlet.mvc.ParameterizableViewController]
""2018-06-01 17:56:39 [main] INFO  o.s.w.s.h.SimpleUrlHandlerMapping - Root mapping to handler of type [class org.springframework.web.servlet.mvc.ParameterizableViewController]
""2018-06-01 17:56:39 [main] INFO  o.s.w.s.h.SimpleUrlHandlerMapping - Mapped URL path [/login] onto handler of type [class org.springframework.web.servlet.mvc.ParameterizableViewController]
""2018-06-01 17:56:39 [main] INFO  o.s.w.s.h.SimpleUrlHandlerMapping - Mapped URL path [/test] onto handler of type [class org.springframework.web.servlet.mvc.ParameterizableViewController]
""2018-06-01 17:56:39 [main] INFO  o.s.w.s.h.SimpleUrlHandlerMapping - Mapped URL path [/webjars/**] onto handler of type [class org.springframework.web.servlet.resource.ResourceHttpRequestHandler]
""2018-06-01 17:56:39 [main] INFO  o.s.w.s.h.SimpleUrlHandlerMapping - Mapped URL path [/**] onto handler of type [class org.springframework.web.servlet.resource.ResourceHttpRequestHandler]
""2018-06-01 17:56:39 [main] INFO  o.s.w.s.m.m.a.ExceptionHandlerExceptionResolver - Detected @ExceptionHandler methods in mainExceptionHandler
""2018-06-01 17:56:41 [main] INFO  o.s.w.s.v.f.FreeMarkerConfigurer - ClassTemplateLoader for Spring macros added to FreeMarker configuration
""2018-06-01 17:56:42 [main] INFO  o.s.s.web.DefaultSecurityFilterChain - Creating filter chain: org.springframework.security.web.util.matcher.AnyRequestMatcher@1, [org.springframework.security.web.context.request.async.WebAsyncManagerIntegrationFilter@fb2c2f3, org.springframework.security.web.context.SecurityContextPersistenceFilter@2fa47368, org.springframework.security.web.header.HeaderWriterFilter@335cdd2, org.springframework.security.web.authentication.logout.LogoutFilter@54e94de9, org.springframework.security.web.authentication.UsernamePasswordAuthenticationFilter@4552f905, org.springframework.security.web.savedrequest.RequestCacheAwareFilter@5e9ea380, org.springframework.security.web.servletapi.SecurityContextHolderAwareRequestFilter@1d8dbf10, org.springframework.security.web.authentication.AnonymousAuthenticationFilter@148fca83, org.springframework.security.web.session.SessionManagementFilter@60a99f3d, org.springframework.security.web.access.ExceptionTranslationFilter@498b611e, org.springframework.security.web.access.intercept.FilterSecurityInterceptor@183ef89a]
""2018-06-01 17:56:42 [main] INFO  o.s.b.a.e.web.EndpointLinksResolver - Exposing 2 endpoint(s) beneath base path '/actuator'
""2018-06-01 17:56:42 [main] INFO  o.s.b.a.e.w.s.WebMvcEndpointHandlerMapping - Mapped "{[/actuator/health],methods=[GET],produces=[application/vnd.spring-boot.actuator.v2+json || application/json]}" onto public java.lang.Object org.springframework.boot.actuate.endpoint.web.servlet.AbstractWebMvcEndpointHandlerMapping$OperationHandler.handle(javax.servlet.http.HttpServletRequest,java.util.Map<java.lang.String, java.lang.String>)
""2018-06-01 17:56:42 [main] INFO  o.s.b.a.e.w.s.WebMvcEndpointHandlerMapping - Mapped "{[/actuator/info],methods=[GET],produces=[application/vnd.spring-boot.actuator.v2+json || application/json]}" onto public java.lang.Object org.springframework.boot.actuate.endpoint.web.servlet.AbstractWebMvcEndpointHandlerMapping$OperationHandler.handle(javax.servlet.http.HttpServletRequest,java.util.Map<java.lang.String, java.lang.String>)
""2018-06-01 17:56:42 [main] INFO  o.s.b.a.e.w.s.WebMvcEndpointHandlerMapping - Mapped "{[/actuator],methods=[GET],produces=[application/vnd.spring-boot.actuator.v2+json || application/json]}" onto protected java.util.Map<java.lang.String, java.util.Map<java.lang.String, org.springframework.boot.actuate.endpoint.web.Link>> org.springframework.boot.actuate.endpoint.web.servlet.WebMvcEndpointHandlerMapping.links(javax.servlet.http.HttpServletRequest,javax.servlet.http.HttpServletResponse)
""2018-06-01 17:56:42 [SimpleAsyncTaskExecutor-1] INFO  o.s.a.r.c.CachingConnectionFactory - Attempting to connect to: [127.0.0.1:5672]
""2018-06-01 17:56:43 [SimpleAsyncTaskExecutor-1] INFO  o.s.a.r.c.CachingConnectionFactory - Created new connection: rabbitConnectionFactory#69f9b561:0/SimpleConnection@18552a5b [delegate=amqp://admin@127.0.0.1:5672/, localPort= 64873]
""2018-06-01 17:56:43 [main] DEBUG c.p.p.l.ContextRefreshListener - Checking if user with username <admin>  exists
""2018-06-01 17:56:43 [main] INFO  o.h.h.i.QueryTranslatorFactoryInitiator - HHH000397: Using ASTQueryTranslatorFactory
""2018-06-01 17:56:43 [main] DEBUG c.p.p.l.ContextRefreshListener - User with username <admin> exists!
""2018-06-01 17:56:43 [main] INFO  c.p.priceparser.RabbitMqSenderTests - Started RabbitMqSenderTests in 17.849 seconds (JVM running for 21.976)
""2018-06-01 17:56:44 [main] INFO  c.p.priceparser.RabbitMqSenderTests - Sending message...
""2018-06-01 17:56:44 [Thread-6] INFO  o.s.w.c.s.GenericWebApplicationContext - Closing org.springframework.web.context.support.GenericWebApplicationContext@1984b1f: startup date [Fri Jun 01 17:56:26 EEST 2018]; root of context hierarchy
""2018-06-01 17:56:44 [Thread-6] INFO  o.s.a.r.l.SimpleMessageListenerContainer - Waiting for workers to finish.
""2018-06-01 17:56:45 [Thread-6] INFO  o.s.a.r.l.SimpleMessageListenerContainer - Successfully waited for workers to finish.
""2018-06-01 17:56:45 [Thread-6] INFO  o.s.a.r.l.SimpleMessageListenerContainer - Shutdown ignored - container is not active already
""2018-06-01 17:56:45 [Thread-6] INFO  o.s.o.j.LocalContainerEntityManagerFactoryBean - Closing JPA EntityManagerFactory for persistence unit 'default'
""2018-06-01 17:56:45 [Thread-6] INFO  com.zaxxer.hikari.HikariDataSource - HikariPool-1 - Shutdown initiated...
""2018-06-01 17:56:45 [Thread-6] INFO  com.zaxxer.hikari.HikariDataSource - HikariPool-1 - Shutdown completed.
"